Oct 21, 2021 11:51:43 AM logging.logging TCP_connect
INFO: Peer 1002 makes a connection to Peer 1001.
Oct 21, 2021 11:52:50 AM logging.logging TCP_connect
INFO: Peer 1002 makes a connection to Peer 1001.
Oct 21, 2021 11:57:56 AM logging.logging TCP_connect
INFO: Peer 1002 makes a connection to Peer 1001.
Oct 21, 2021 11:54:17 PM logging.logging TCP_connect
INFO: Peer 1002 makes a connection to Peer 1001.
Nov 30, 2021 9:14:05 PM logging.Logging TCP_connect
INFO: Peer 1002 makes a connection to Peer 1001.
Nov 30, 2021 9:14:36 PM logging.Logging TCP_connect
INFO: Peer 1002 makes a connection to Peer 1001.
Dec 03, 2021 3:43:47 PM logging.Logging logInfo
INFO: Peer 1002 makes a connection to Peer 1001.
Dec 03, 2021 3:44:31 PM logging.Logging logInfo
INFO: Peer 1002 makes a connection to Peer 1001.
Dec 03, 2021 3:46:01 PM logging.Logging logInfo
INFO: Peer 1002 makes a connection to Peer 1001.
Dec 03, 2021 3:46:16 PM logging.Logging logInfo
INFO: Peer 1002 makes a connection to Peer 1001.
Dec 03, 2021 3:48:02 PM logging.Logging logInfo
INFO: Peer 1002 makes a connection to Peer 1001.
Dec 03, 2021 3:48:20 PM logging.Logging logInfo
INFO: Peer 1002 makes a connection to Peer 1001.
Dec 04, 2021 3:14:00 PM logging.Logging logInfo
INFO: Peer 1002 makes a connection to Peer 1001.
Dec 04, 2021 3:14:28 PM logging.Logging logInfo
INFO: Peer 1002 makes a connection to Peer 1001.
Dec 05, 2021 11:31:52 AM logging.Logging logInfo
INFO: Peer 1002 makes a connection to Peer 1001.
Dec 05, 2021 12:07:26 PM logging.Logging logInfo
INFO: Peer 1002 makes a connection to Peer 1001.
Dec 05, 2021 12:08:36 PM logging.Logging logInfo
INFO: Peer 1002 makes a connection to Peer 1001.
Dec 05, 2021 12:09:30 PM logging.Logging logInfo
INFO: Peer 1002 makes a connection to Peer 1001.
